

Version:	3.12
CmdLine:	C:\Users\Alan\Documents\NetBeansProjects\DistribusiPerangkatIT\DistribusiPerangkatIT.exe --l4j-debug
WOW64:		yes
Working dir:	C:\Users\Alan\Documents\NetBeansProjects\DistribusiPerangkatIT\.
Java min ver:	1.006.000
Java max ver:	
64-bit search:	SOFTWARE\JavaSoft\Java Runtime Environment...
32-bit search:	SOFTWARE\JavaSoft\Java Runtime Environment...
Check:		SOFTWARE\JavaSoft\Java Runtime Environment\1.7
Check launcher:	C:\Program Files (x86)\Java\jre7\bin\javaw.exe (OK)
Match:		1.007.000
Check:		SOFTWARE\JavaSoft\Java Runtime Environment\1.7.0_80
Check launcher:	C:\Program Files (x86)\Java\jre7\bin\javaw.exe (OK)
Match:		1.007.000_080
64-bit search:	SOFTWARE\JavaSoft\Java Development Kit...
32-bit search:	SOFTWARE\JavaSoft\Java Development Kit...
Check:		SOFTWARE\JavaSoft\Java Development Kit\1.7
Ignore:		1.007.000
Check:		SOFTWARE\JavaSoft\Java Development Kit\1.7.0_80
Ignore:		1.007.000_080
Check:		SOFTWARE\JavaSoft\Java Development Kit\1.8
Check launcher:	C:\Program Files (x86)\Java\jdk1.8.0_211\bin\javaw.exe (OK)
Match:		1.008.000
Check:		SOFTWARE\JavaSoft\Java Development Kit\1.8.0_211
Check launcher:	C:\Program Files (x86)\Java\jdk1.8.0_211\bin\javaw.exe (OK)
Match:		1.008.000_211
64-bit search:	SOFTWARE\JavaSoft\JRE...
32-bit search:	SOFTWARE\JavaSoft\JRE...
64-bit search:	SOFTWARE\JavaSoft\JDK...
32-bit search:	SOFTWARE\JavaSoft\JDK...
Runtime used:	1.008.000_211 (32-bit)
Launcher:	C:\Program Files (x86)\Java\jdk1.8.0_211\bin\javaw.exe
Launcher args:	-jar "C:\Users\Alan\Documents\NetBeansProjects\DistribusiPerangkatIT\DistribusiPerangkatIT.exe"
Args length:	95/32768 chars
Exit code:	0


Version:	3.12
CmdLine:	C:\Users\Alan\Documents\NetBeansProjects\DistribusiPerangkatIT\DistribusiPerangkatIT.exe --l4j-debug
WOW64:		yes
Working dir:	C:\Users\Alan\Documents\NetBeansProjects\DistribusiPerangkatIT\.
Java min ver:	1.006.000
Java max ver:	
64-bit search:	SOFTWARE\JavaSoft\Java Runtime Environment...
32-bit search:	SOFTWARE\JavaSoft\Java Runtime Environment...
Check:		SOFTWARE\JavaSoft\Java Runtime Environment\1.7
Check launcher:	C:\Program Files (x86)\Java\jre7\bin\javaw.exe (OK)
Match:		1.007.000
Check:		SOFTWARE\JavaSoft\Java Runtime Environment\1.7.0_80
Check launcher:	C:\Program Files (x86)\Java\jre7\bin\javaw.exe (OK)
Match:		1.007.000_080
64-bit search:	SOFTWARE\JavaSoft\Java Development Kit...
32-bit search:	SOFTWARE\JavaSoft\Java Development Kit...
Check:		SOFTWARE\JavaSoft\Java Development Kit\1.7
Ignore:		1.007.000
Check:		SOFTWARE\JavaSoft\Java Development Kit\1.7.0_80
Ignore:		1.007.000_080
Check:		SOFTWARE\JavaSoft\Java Development Kit\1.8
Check launcher:	C:\Program Files (x86)\Java\jdk1.8.0_211\bin\javaw.exe (OK)
Match:		1.008.000
Check:		SOFTWARE\JavaSoft\Java Development Kit\1.8.0_211
Check launcher:	C:\Program Files (x86)\Java\jdk1.8.0_211\bin\javaw.exe (OK)
Match:		1.008.000_211
64-bit search:	SOFTWARE\JavaSoft\JRE...
32-bit search:	SOFTWARE\JavaSoft\JRE...
64-bit search:	SOFTWARE\JavaSoft\JDK...
32-bit search:	SOFTWARE\JavaSoft\JDK...
Runtime used:	1.008.000_211 (32-bit)
Launcher:	C:\Program Files (x86)\Java\jdk1.8.0_211\bin\javaw.exe
Launcher args:	-jar "C:\Users\Alan\Documents\NetBeansProjects\DistribusiPerangkatIT\DistribusiPerangkatIT.exe"
Args length:	95/32768 chars
Exit code:	0


Version:	3.12
CmdLine:	C:\Users\Alan\Documents\NetBeansProjects\DistribusiPerangkatIT\DistribusiPerangkatIT.exe --l4j-debug
WOW64:		yes
Working dir:	C:\Users\Alan\Documents\NetBeansProjects\DistribusiPerangkatIT\.
Java min ver:	1.006.000
Java max ver:	
64-bit search:	SOFTWARE\JavaSoft\Java Runtime Environment...
32-bit search:	SOFTWARE\JavaSoft\Java Runtime Environment...
Check:		SOFTWARE\JavaSoft\Java Runtime Environment\1.7
Check launcher:	C:\Program Files (x86)\Java\jre7\bin\javaw.exe (OK)
Match:		1.007.000
Check:		SOFTWARE\JavaSoft\Java Runtime Environment\1.7.0_80
Check launcher:	C:\Program Files (x86)\Java\jre7\bin\javaw.exe (OK)
Match:		1.007.000_080
64-bit search:	SOFTWARE\JavaSoft\Java Development Kit...
32-bit search:	SOFTWARE\JavaSoft\Java Development Kit...
Check:		SOFTWARE\JavaSoft\Java Development Kit\1.7
Ignore:		1.007.000
Check:		SOFTWARE\JavaSoft\Java Development Kit\1.7.0_80
Ignore:		1.007.000_080
Check:		SOFTWARE\JavaSoft\Java Development Kit\1.8
Check launcher:	C:\Program Files (x86)\Java\jdk1.8.0_211\bin\javaw.exe (OK)
Match:		1.008.000
Check:		SOFTWARE\JavaSoft\Java Development Kit\1.8.0_211
Check launcher:	C:\Program Files (x86)\Java\jdk1.8.0_211\bin\javaw.exe (OK)
Match:		1.008.000_211
64-bit search:	SOFTWARE\JavaSoft\JRE...
32-bit search:	SOFTWARE\JavaSoft\JRE...
64-bit search:	SOFTWARE\JavaSoft\JDK...
32-bit search:	SOFTWARE\JavaSoft\JDK...
Runtime used:	1.008.000_211 (32-bit)
Main class:	MainForm.DistribusiPerangkatIT
Add classpath:	lib\mysql-connector-java-5.1.23-bin.jar
Add classpath:	lib\AbsoluteLayout.jar
Add classpath:	lib\commons-beanutils-1.8.2.jar
Add classpath:	lib\commons-digester-1.8.jar
Add classpath:	lib\commons-javaflow-20060411.jar
Add classpath:	lib\commons-logging-1.1.jar
Add classpath:	lib\commons.collections-3.2.1.jar
Add classpath:	lib\groovy-all-1.7.5.jar
Add classpath:	lib\itext-2.1.7.jar
Add classpath:	lib\jasperreports-5.6.0.jar
Add classpath:	lib\mysql-connector-java-5.1.23-bin.jar
Add classpath:	lib\mysql-connector-java-5.1.40.zip
Add classpath:	lib\rs2xml.jar
Add classpath:	lib\beansbinding-1.2.1.jar
Add classpath:	lib\jcalendar-1.3.2-javadoc.jar
Add classpath:	lib\jcalendar-1.3.2-sources.jar
Add classpath:	lib\jcalendar-1.3.2.jar
Add classpath:	lib\eclipselink.jar
Add classpath:	lib\javax.persistence_2.1.0.v201304241213.jar
Add classpath:	lib\org.eclipse.persistence.jpa.jpql_2.5.2.v20140319-9ad6abd.jar
Add classpath:	distribusi_it.sql
Launcher:	C:\Program Files (x86)\Java\jdk1.8.0_211\bin\javaw.exe
Launcher args:	-classpath "C:\Users\Alan\Documents\NetBeansProjects\DistribusiPerangkatIT\DistribusiPerangkatIT.exe;lib\mysql-connector-java-5.1.23-bin.jar;lib\AbsoluteLayout.jar;lib\commons-beanutils-1.8.2.jar;lib\commons-digester-1.8.jar;lib\commons-javaflow-20060411.jar;lib\commons-logging-1.1.jar;lib\commons.collections-3.2.1.jar;lib\groovy-all-1.7.5.jar;lib\itext-2.1.7.jar;lib\jasperreports-5.6.0.jar;lib\mysql-connector-java-5.1.23-bin.jar;lib\mysql-connector-java-5.1.40.zip;lib\rs2xml.jar;lib\beansbinding-1.2.1.jar;lib\jcalendar-1.3.2-javadoc.jar;lib\jcalendar-1.3.2-sources.jar;lib\jcalendar-1.3.2.jar;lib\eclipselink.jar;lib\javax.persistence_2.1.0.v201304241213.jar;lib\org.eclipse.persistence.jpa.jpql_2.5.2.v20140319-9ad6abd.jar;distribusi_it.sql" MainForm.DistribusiPerangkatIT
Args length:	780/32768 chars
Exit code:	0


Version:	3.12
CmdLine:	C:\Users\Alan\Documents\NetBeansProjects\DistribusiPerangkatIT\DistribusiPerangkatIT.exe --l4j-debug
WOW64:		yes
Working dir:	C:\Users\Alan\Documents\NetBeansProjects\DistribusiPerangkatIT\.
Java min ver:	1.006.000
Java max ver:	
64-bit search:	SOFTWARE\JavaSoft\Java Runtime Environment...
32-bit search:	SOFTWARE\JavaSoft\Java Runtime Environment...
Check:		SOFTWARE\JavaSoft\Java Runtime Environment\1.7
Check launcher:	C:\Program Files (x86)\Java\jre7\bin\javaw.exe (OK)
Match:		1.007.000
Check:		SOFTWARE\JavaSoft\Java Runtime Environment\1.7.0_80
Check launcher:	C:\Program Files (x86)\Java\jre7\bin\javaw.exe (OK)
Match:		1.007.000_080
64-bit search:	SOFTWARE\JavaSoft\Java Development Kit...
32-bit search:	SOFTWARE\JavaSoft\Java Development Kit...
Check:		SOFTWARE\JavaSoft\Java Development Kit\1.7
Ignore:		1.007.000
Check:		SOFTWARE\JavaSoft\Java Development Kit\1.7.0_80
Ignore:		1.007.000_080
Check:		SOFTWARE\JavaSoft\Java Development Kit\1.8
Check launcher:	C:\Program Files (x86)\Java\jdk1.8.0_211\bin\javaw.exe (OK)
Match:		1.008.000
Check:		SOFTWARE\JavaSoft\Java Development Kit\1.8.0_211
Check launcher:	C:\Program Files (x86)\Java\jdk1.8.0_211\bin\javaw.exe (OK)
Match:		1.008.000_211
64-bit search:	SOFTWARE\JavaSoft\JRE...
32-bit search:	SOFTWARE\JavaSoft\JRE...
64-bit search:	SOFTWARE\JavaSoft\JDK...
32-bit search:	SOFTWARE\JavaSoft\JDK...
Runtime used:	1.008.000_211 (32-bit)
Main class:	MainForm.DistribusiPerangkatIT
Add classpath:	lib\mysql-connector-java-5.1.23-bin.jar
Add classpath:	lib\AbsoluteLayout.jar
Add classpath:	lib\commons-beanutils-1.8.2.jar
Add classpath:	lib\commons-digester-1.8.jar
Add classpath:	lib\commons-javaflow-20060411.jar
Add classpath:	lib\commons-logging-1.1.jar
Add classpath:	lib\commons.collections-3.2.1.jar
Add classpath:	lib\groovy-all-1.7.5.jar
Add classpath:	lib\itext-2.1.7.jar
Add classpath:	lib\jasperreports-5.6.0.jar
Add classpath:	lib\mysql-connector-java-5.1.23-bin.jar
Add classpath:	lib\mysql-connector-java-5.1.40.zip
Add classpath:	lib\rs2xml.jar
Add classpath:	lib\beansbinding-1.2.1.jar
Add classpath:	lib\jcalendar-1.3.2-javadoc.jar
Add classpath:	lib\jcalendar-1.3.2-sources.jar
Add classpath:	lib\jcalendar-1.3.2.jar
Add classpath:	lib\eclipselink.jar
Add classpath:	lib\javax.persistence_2.1.0.v201304241213.jar
Add classpath:	lib\org.eclipse.persistence.jpa.jpql_2.5.2.v20140319-9ad6abd.jar
Add classpath:	distribusi_it
Launcher:	C:\Program Files (x86)\Java\jdk1.8.0_211\bin\javaw.exe
Launcher args:	-classpath "C:\Users\Alan\Documents\NetBeansProjects\DistribusiPerangkatIT\DistribusiPerangkatIT.exe;lib\mysql-connector-java-5.1.23-bin.jar;lib\AbsoluteLayout.jar;lib\commons-beanutils-1.8.2.jar;lib\commons-digester-1.8.jar;lib\commons-javaflow-20060411.jar;lib\commons-logging-1.1.jar;lib\commons.collections-3.2.1.jar;lib\groovy-all-1.7.5.jar;lib\itext-2.1.7.jar;lib\jasperreports-5.6.0.jar;lib\mysql-connector-java-5.1.23-bin.jar;lib\mysql-connector-java-5.1.40.zip;lib\rs2xml.jar;lib\beansbinding-1.2.1.jar;lib\jcalendar-1.3.2-javadoc.jar;lib\jcalendar-1.3.2-sources.jar;lib\jcalendar-1.3.2.jar;lib\eclipselink.jar;lib\javax.persistence_2.1.0.v201304241213.jar;lib\org.eclipse.persistence.jpa.jpql_2.5.2.v20140319-9ad6abd.jar;distribusi_it" MainForm.DistribusiPerangkatIT
Args length:	776/32768 chars
Exit code:	0
